label:               edDCA                                             
model:               edDCA                                             
input MSA:           final_fullpf00014.fasta                           
alphabet:            protein                                           
sampler:             gibbs                                             
nchains:             10000                                             
nsweeps:             10                                                
lr:                  0.05                                              
pseudo count:        0.00011791062374719962                            
data type:           float32                                           
target Pearson Cij:  0.95                                              
random seed:         0                                                 

Epochs     Pearson    Slope      LL_train   LL_test    ESS        Entropy    Density    Time      

Decimation
Target density:      0.02                                              
Decimation rate:     0.01                                              

Epoch      Epochs     Pearson    Slope      LL_train   LL_test    ESS        Entropy    Density    Time      
10         0.950      0.963      -55.553    nan        0.944      62.215     0.922      473.157   
20         0.950      0.960      -55.384    nan        0.942      61.862     0.834      657.306   
30         0.950      0.965      -55.286    nan        0.940      61.862     0.754      791.516   
40         0.950      0.959      -55.231    nan        0.939      62.070     0.682      881.079   
50         0.950      0.967      -55.219    nan        0.939      61.841     0.617      977.920   
60         0.951      0.966      -55.271    nan        0.938      61.779     0.558      1045.649  
70         0.950      0.949      -55.098    nan        0.937      61.544     0.504      1264.969  
80         0.950      0.968      -55.074    nan        0.937      61.275     0.456      1382.956  
90         0.950      0.958      -54.862    nan        0.936      60.905     0.413      1647.730  
100        0.950      0.963      -54.798    nan        0.936      60.814     0.373      1825.506  
110        0.950      0.956      -54.723    nan        0.935      60.737     0.337      1978.066  
120        0.950      0.967      -54.724    nan        0.935      60.515     0.305      2080.886  
130        0.950      0.960      -54.605    nan        0.935      60.376     0.276      2257.567  
140        0.950      0.968      -54.502    nan        0.934      60.200     0.250      2418.312  
150        0.950      0.966      -54.450    nan        0.930      60.098     0.226      2546.416  
160        0.950      0.962      -54.282    nan        0.920      59.960     0.204      2787.870  
170        0.950      0.966      -54.142    nan        0.903      59.550     0.185      3030.090  
180        0.950      0.967      -53.761    nan        0.876      59.230     0.167      3521.936  
190        0.950      0.964      -53.055    nan        0.842      58.230     0.151      4351.312  
200        0.950      0.963      -52.361    nan        0.791      57.303     0.137      5247.333  
210        0.951      0.974      -51.486    nan        0.727      56.030     0.124      6408.867  
220        0.950      0.971      -50.148    nan        0.653      54.422     0.112      8141.373  
230        0.950      0.967      -48.597    nan        0.561      52.672     0.101      10358.739 
240        0.950      0.970      -46.296    nan        0.470      50.059     0.091      13576.639 
250        0.950      0.972      -43.789    nan        0.379      47.171     0.083      17250.435 
260        0.950      0.980      -39.532    nan        0.247      42.393     0.075      23792.425 
270        0.950      0.982      -33.609    nan        0.128      36.051     0.068      33637.000 
280        0.950      0.981      -22.902    nan        0.086      24.760     0.061      56322.962 
290        0.950      0.990      7.518      nan        0.070      -6.601     0.055      121868.109
