label:               eaDCA                                             
model:               eaDCA                                             
input MSA:           final_fullpf00014.fasta                           
alphabet:            protein                                           
sampler:             gibbs                                             
nchains:             10000                                             
nsweeps:             10                                                
lr:                  0.05                                              
pseudo count:        0.00011791062374719962                            
data type:           float32                                           
target Pearson Cij:  0.95                                              
gsteps:              10                                                
factivate:           0.001                                             
random seed:         0                                                 

Epochs     Pearson    Slope      LL_train   LL_test    ESS        Entropy    Density    Time      
10         0.361      0.123      -89.934    nan        0.993      92.614     0.706      235.580   
20         0.559      0.253      -88.963    nan        0.990      92.083     1.026      463.168   
30         0.639      0.360      -88.288    nan        0.988      91.446     1.301      698.005   
40         0.681      0.439      -87.777    nan        0.986      90.893     1.539      934.416   
50         0.707      0.490      -87.353    nan        0.985      90.315     1.758      1178.175  
60         0.728      0.532      -86.980    nan        0.985      89.697     1.954      1412.533  
70         0.741      0.558      -86.649    nan        0.984      89.483     2.154      1647.507  
80         0.756      0.582      -86.346    nan        0.983      89.110     2.342      1882.695  
90         0.762      0.600      -86.067    nan        0.983      88.988     2.518      2117.728  
100        0.772      0.631      -85.803    nan        0.982      88.529     2.694      2351.777  
110        0.780      0.638      -85.559    nan        0.981      88.169     2.837      2586.757  
120        0.784      0.642      -85.329    nan        0.981      87.894     2.982      2822.632  
130        0.790      0.658      -85.112    nan        0.980      87.890     3.120      3057.675  
140        0.797      0.668      -84.905    nan        0.980      87.655     3.250      3293.399  
150        0.797      0.672      -84.710    nan        0.979      87.519     3.369      3528.568  
160        0.802      0.682      -84.524    nan        0.979      87.351     3.482      3763.550  
170        0.804      0.681      -84.345    nan        0.978      87.385     3.588      3998.743  
180        0.807      0.682      -84.173    nan        0.978      86.753     3.685      4232.681  
190        0.813      0.703      -84.006    nan        0.977      86.666     3.773      4467.076  
200        0.815      0.709      -83.845    nan        0.977      86.466     3.851      4701.496  
210        0.818      0.709      -83.689    nan        0.976      86.398     3.921      4936.273  
220        0.818      0.712      -83.537    nan        0.975      85.997     3.997      5170.540  
230        0.821      0.711      -83.389    nan        0.975      86.030     4.061      5405.121  
240        0.823      0.725      -83.244    nan        0.974      85.909     4.118      5638.824  
250        0.826      0.739      -83.103    nan        0.973      85.636     4.178      5873.236  
260        0.824      0.717      -82.965    nan        0.973      85.625     4.231      6106.647  
270        0.829      0.734      -82.830    nan        0.972      85.545     4.281      6340.456  
280        0.830      0.740      -82.699    nan        0.972      85.162     4.336      6574.651  
290        0.831      0.740      -82.570    nan        0.971      85.216     4.381      6809.365  
300        0.831      0.736      -82.443    nan        0.970      85.194     4.429      7042.994  
310        0.830      0.740      -82.317    nan        0.970      84.882     4.477      7276.977  
320        0.834      0.746      -82.194    nan        0.969      84.695     4.521      7511.504  
330        0.836      0.748      -82.073    nan        0.968      84.729     4.565      7745.762  
340        0.835      0.747      -81.953    nan        0.968      84.407     4.607      7979.437  
350        0.836      0.753      -81.835    nan        0.967      84.292     4.690      8213.372  
360        0.839      0.747      -81.720    nan        0.967      84.207     4.731      8447.738  
370        0.838      0.756      -81.605    nan        0.966      84.004     4.798      8680.929  
380        0.839      0.762      -81.492    nan        0.965      84.162     4.878      8915.017  
390        0.840      0.760      -81.379    nan        0.965      83.787     4.914      9149.001  
400        0.844      0.765      -81.267    nan        0.964      83.819     4.995      9382.382  
410        0.844      0.765      -81.157    nan        0.964      83.697     5.060      9616.857  
420        0.844      0.762      -81.048    nan        0.963      83.761     5.120      9850.337  
430        0.845      0.764      -80.939    nan        0.963      83.554     5.186      10083.725 
440        0.846      0.772      -80.831    nan        0.962      83.265     5.239      10317.794 
450        0.846      0.769      -80.724    nan        0.961      83.218     5.286      10551.230 
460        0.847      0.776      -80.617    nan        0.961      83.081     5.328      10785.358 
470        0.847      0.781      -80.511    nan        0.960      83.177     5.385      11019.481 
480        0.848      0.777      -80.406    nan        0.960      82.998     5.447      11253.615 
490        0.847      0.767      -80.302    nan        0.959      82.960     5.494      11487.514 
500        0.849      0.780      -80.199    nan        0.958      82.697     5.548      11721.554 
510        0.851      0.773      -80.096    nan        0.958      82.785     5.601      17528.868 
520        0.851      0.781      -79.994    nan        0.957      82.634     5.653      17760.745 
530        0.854      0.787      -79.893    nan        0.957      82.615     5.700      17993.547 
540        0.852      0.776      -79.792    nan        0.956      82.540     5.747      18226.646 
550        0.852      0.780      -79.693    nan        0.955      82.254     5.793      18460.232 
560        0.853      0.780      -79.594    nan        0.955      82.102     5.834      18693.779 
570        0.854      0.787      -79.496    nan        0.954      81.966     5.876      18926.827 
580        0.854      0.781      -79.396    nan        0.953      81.764     5.920      19161.611 
590        0.855      0.774      -79.298    nan        0.953      81.904     5.955      19394.861 
600        0.857      0.791      -79.200    nan        0.952      81.839     5.992      19628.121 
610        0.854      0.782      -79.104    nan        0.952      81.849     6.038      19861.077 
620        0.855      0.797      -79.007    nan        0.951      81.482     6.082      20093.757 
630        0.857      0.793      -78.910    nan        0.950      81.455     6.120      20327.413 
640        0.857      0.786      -78.815    nan        0.950      81.322     6.161      20560.262 
650        0.857      0.783      -78.720    nan        0.949      81.252     6.196      20793.267 
660        0.858      0.794      -78.625    nan        0.949      81.022     6.241      21026.843 
670        0.860      0.791      -78.528    nan        0.948      81.133     6.279      21259.593 
680        0.860      0.797      -78.433    nan        0.947      81.002     6.315      21493.273 
690        0.861      0.801      -78.338    nan        0.947      81.054     6.353      21726.491 
700        0.861      0.804      -78.244    nan        0.946      80.750     6.385      21958.743 
710        0.863      0.804      -78.151    nan        0.945      80.605     6.423      22191.648 
720        0.861      0.802      -78.058    nan        0.944      80.486     6.460      22425.361 
730        0.861      0.793      -77.964    nan        0.944      80.647     6.497      22658.411 
740        0.863      0.794      -77.870    nan        0.944      80.475     6.529      22890.984 
750        0.862      0.802      -77.776    nan        0.943      80.233     6.569      23123.713 
760        0.862      0.797      -77.684    nan        0.943      80.381     6.614      24265.251 
770        0.865      0.804      -77.591    nan        0.942      79.958     6.644      24498.397 
780        0.865      0.806      -77.498    nan        0.941      79.913     6.677      24734.381 
790        0.863      0.797      -77.406    nan        0.941      79.976     6.707      24971.390 
800        0.864      0.805      -77.314    nan        0.940      79.921     6.739      25208.346 
810        0.867      0.811      -77.222    nan        0.939      79.614     6.777      25444.520 
820        0.867      0.812      -77.131    nan        0.939      79.723     6.816      25680.499 
830        0.867      0.811      -77.041    nan        0.938      79.747     6.851      25915.431 
840        0.867      0.813      -76.950    nan        0.937      79.381     6.885      26148.949 
850        0.865      0.804      -76.859    nan        0.937      79.560     6.913      26384.686 
860        0.868      0.812      -76.768    nan        0.937      79.296     6.952      26621.764 
870        0.865      0.798      -76.677    nan        0.936      79.424     6.981      26858.465 
880        0.867      0.807      -76.585    nan        0.935      79.196     7.015      27094.081 
890        0.869      0.816      -76.494    nan        0.934      79.273     7.043      27329.762 
900        0.870      0.810      -76.404    nan        0.934      79.116     7.079      27565.027 
910        0.869      0.820      -76.313    nan        0.933      78.947     7.108      27800.581 
920        0.870      0.819      -76.223    nan        0.932      78.846     7.138      28036.391 
930        0.868      0.813      -76.133    nan        0.932      78.576     7.168      28271.763 
940        0.868      0.807      -76.044    nan        0.931      78.577     7.193      28506.947 
950        0.872      0.824      -75.954    nan        0.930      78.723     7.220      28743.575 
960        0.869      0.808      -75.864    nan        0.930      78.526     7.251      28979.099 
970        0.869      0.809      -75.774    nan        0.929      78.363     7.277      29215.087 
980        0.871      0.812      -75.685    nan        0.929      78.458     7.303      29451.651 
990        0.872      0.813      -75.595    nan        0.928      78.413     7.332      29688.381 
1000       0.873      0.815      -75.505    nan        0.928      78.187     7.357      29923.655 
1010       0.873      0.822      -75.416    nan        0.927      78.054     7.384      30158.881 
1020       0.872      0.822      -75.326    nan        0.927      78.095     7.408      30395.018 
1030       0.872      0.818      -75.237    nan        0.926      77.826     7.448      30631.148 
1040       0.873      0.821      -75.148    nan        0.925      78.029     7.474      30867.376 
1050       0.874      0.818      -75.059    nan        0.924      77.671     7.503      31103.683 
1060       0.874      0.822      -74.970    nan        0.924      77.715     7.526      31339.340 
1070       0.874      0.818      -74.882    nan        0.923      77.770     7.563      31575.914 
1080       0.875      0.821      -74.793    nan        0.922      77.514     7.592      31812.939 
1090       0.875      0.817      -74.705    nan        0.921      77.495     7.625      32049.182 
1100       0.876      0.832      -74.617    nan        0.921      77.046     7.653      32286.065 
1110       0.875      0.817      -74.530    nan        0.920      77.271     7.688      32522.657 
1120       0.876      0.812      -74.442    nan        0.920      77.395     7.719      32759.071 
1130       0.875      0.827      -74.354    nan        0.919      77.066     7.747      32996.011 
1140       0.875      0.818      -74.267    nan        0.919      77.171     7.772      33232.780 
1150       0.877      0.825      -74.179    nan        0.918      76.960     7.797      33469.318 
1160       0.878      0.828      -74.092    nan        0.917      76.670     7.819      33706.121 
1170       0.877      0.826      -74.006    nan        0.916      76.492     7.851      33942.691 
1180       0.880      0.828      -73.919    nan        0.916      76.601     7.874      34179.702 
1190       0.876      0.823      -73.831    nan        0.915      76.549     7.898      34417.196 
1200       0.879      0.822      -73.743    nan        0.914      76.408     7.928      34652.814 
1210       0.879      0.829      -73.655    nan        0.914      76.569     7.956      34889.856 
1220       0.880      0.833      -73.568    nan        0.913      76.322     7.989      35126.235 
1230       0.879      0.835      -73.480    nan        0.913      76.138     8.014      35359.791 
1240       0.879      0.832      -73.393    nan        0.912      76.056     8.042      35596.147 
1250       0.879      0.828      -73.306    nan        0.911      75.969     8.065      35832.861 
1260       0.880      0.836      -73.219    nan        0.911      75.906     8.085      36069.357 
1270       0.880      0.831      -73.133    nan        0.910      75.893     8.111      36306.775 
1280       0.882      0.838      -73.046    nan        0.909      75.829     8.135      36543.048 
1290       0.880      0.819      -72.959    nan        0.908      75.647     8.164      36779.044 
1300       0.880      0.825      -72.871    nan        0.908      75.401     8.185      37015.352 
1310       0.882      0.827      -72.785    nan        0.907      75.429     8.211      37251.880 
1320       0.882      0.833      -72.698    nan        0.906      75.395     8.231      37485.599 
1330       0.881      0.830      -72.613    nan        0.906      75.234     8.255      37720.127 
1340       0.881      0.824      -72.526    nan        0.905      75.035     8.293      37953.572 
1350       0.883      0.837      -72.441    nan        0.904      75.093     8.320      38187.887 
1360       0.883      0.828      -72.355    nan        0.903      75.240     8.340      38421.434 
1370       0.883      0.846      -72.269    nan        0.903      74.916     8.363      38656.261 
1380       0.883      0.837      -72.184    nan        0.902      74.965     8.382      38889.185 
1390       0.884      0.842      -72.097    nan        0.902      74.793     8.405      39123.504 
1400       0.885      0.846      -72.011    nan        0.901      74.558     8.426      39358.052 
1410       0.883      0.829      -71.926    nan        0.901      74.840     8.451      39593.462 
1420       0.885      0.839      -71.840    nan        0.900      74.534     8.473      39827.399 
1430       0.883      0.831      -71.754    nan        0.899      74.579     8.495      40062.779 
1440       0.885      0.842      -71.669    nan        0.899      74.427     8.513      40297.897 
1450       0.886      0.848      -71.582    nan        0.898      74.172     8.534      40532.024 
1460       0.886      0.840      -71.497    nan        0.897      74.130     8.560      40766.062 
1470       0.886      0.840      -71.411    nan        0.897      74.148     8.583      41000.854 
1480       0.886      0.849      -71.325    nan        0.896      73.994     8.603      41235.600 
1490       0.887      0.846      -71.240    nan        0.895      74.171     8.622      41838.985 
1500       0.887      0.843      -71.155    nan        0.895      73.907     8.640      42091.752 
1510       0.886      0.848      -71.069    nan        0.894      73.842     8.658      42326.141 
1520       0.887      0.838      -70.984    nan        0.893      73.736     8.691      42561.062 
1530       0.887      0.846      -70.900    nan        0.893      73.602     8.710      42795.546 
1540       0.887      0.851      -70.815    nan        0.892      73.462     8.731      43038.833 
1550       0.887      0.845      -70.730    nan        0.891      73.354     8.748      43272.309 
1560       0.886      0.831      -70.646    nan        0.890      73.466     8.766      43506.345 
1570       0.885      0.834      -70.561    nan        0.890      73.234     8.788      43740.868 
1580       0.889      0.849      -70.476    nan        0.889      73.234     8.807      43975.813 
1590       0.889      0.852      -70.392    nan        0.888      73.060     8.834      44208.656 
1600       0.889      0.854      -70.307    nan        0.888      73.173     8.854      44442.844 
1610       0.887      0.843      -70.221    nan        0.887      72.947     8.888      44676.844 
1620       0.889      0.847      -70.136    nan        0.886      72.975     8.902      44910.071 
1630       0.888      0.842      -70.053    nan        0.886      72.819     8.921      45143.654 
1640       0.888      0.846      -69.968    nan        0.885      72.706     8.944      45377.308 
1650       0.889      0.851      -69.884    nan        0.884      72.740     8.963      45610.988 
1660       0.889      0.850      -69.799    nan        0.883      72.453     8.991      45845.262 
1670       0.890      0.844      -69.714    nan        0.882      72.497     9.018      46078.847 
1680       0.889      0.848      -69.629    nan        0.882      72.324     9.041      46312.004 
1690       0.890      0.852      -69.545    nan        0.881      72.252     9.059      46545.490 
1700       0.888      0.839      -69.460    nan        0.881      72.158     9.079      46778.761 
1710       0.889      0.853      -69.376    nan        0.880      72.119     9.095      47011.380 
1720       0.889      0.847      -69.290    nan        0.879      72.213     9.116      47245.740 
1730       0.891      0.857      -69.205    nan        0.878      71.862     9.136      47478.491 
